
==============================================================
STRING = com.mysql.jdbc.JDBC4PreparedStatement@4920e312: INSERT INTO `tbhistory`(`Username`, `Activity`, `DateAndTime`) VALUES ('ADMIN','F 07.03.00.01 Hasil Inspeksi dan Pengujian Produk Jadi',NOW())
==============================================================

==============================================================
com.mysql.jdbc.MysqlDataTruncation: Data truncation: Data too long for column 'Activity' at row 1
	at com.mysql.jdbc.MysqlIO.checkErrorPacket(MysqlIO.java:4118)
	at com.mysql.jdbc.MysqlIO.checkErrorPacket(MysqlIO.java:4052)
	at com.mysql.jdbc.MysqlIO.sendCommand(MysqlIO.java:2503)
	at com.mysql.jdbc.MysqlIO.sqlQueryDirect(MysqlIO.java:2664)
	at com.mysql.jdbc.ConnectionImpl.execSQL(ConnectionImpl.java:2794)
	at com.mysql.jdbc.PreparedStatement.executeInternal(PreparedStatement.java:2155)
	at com.mysql.jdbc.PreparedStatement.executeUpdate(PreparedStatement.java:2458)
	at com.mysql.jdbc.PreparedStatement.executeUpdate(PreparedStatement.java:2375)
	at com.mysql.jdbc.PreparedStatement.executeUpdate(PreparedStatement.java:2359)
	at LSubProces.History.simpanhistory(History.java:24)
	at LaporanLab.LaporanLab.jbuttonF1ActionPerformed(LaporanLab.java:146)
	at LaporanLab.LaporanLab.access$400(LaporanLab.java:18)
	at LaporanLab.LaporanLab$5.actionPerformed(LaporanLab.java:82)
	at javax.swing.AbstractButton.fireActionPerformed(AbstractButton.java:2022)
	at javax.swing.AbstractButton$Handler.actionPerformed(AbstractButton.java:2348)
	at javax.swing.DefaultButtonModel.fireActionPerformed(DefaultButtonModel.java:402)
	at javax.swing.DefaultButtonModel.setPressed(DefaultButtonModel.java:259)
	at javax.swing.plaf.basic.BasicButtonListener.mouseReleased(BasicButtonListener.java:252)
	at com.jtattoo.plaf.BaseButtonListener.mouseReleased(BaseButtonListener.java:60)
	at java.awt.Component.processMouseEvent(Component.java:6533)
	at javax.swing.JComponent.processMouseEvent(JComponent.java:3324)
	at java.awt.Component.processEvent(Component.java:6298)
	at java.awt.Container.processEvent(Container.java:2236)
	at java.awt.Component.dispatchEventImpl(Component.java:4889)
	at java.awt.Container.dispatchEventImpl(Container.java:2294)
	at java.awt.Component.dispatchEvent(Component.java:4711)
	at java.awt.LightweightDispatcher.retargetMouseEvent(Container.java:4888)
	at java.awt.LightweightDispatcher.processMouseEvent(Container.java:4525)
	at java.awt.LightweightDispatcher.dispatchEvent(Container.java:4466)
	at java.awt.Container.dispatchEventImpl(Container.java:2280)
	at java.awt.Window.dispatchEventImpl(Window.java:2746)
	at java.awt.Component.dispatchEvent(Component.java:4711)
	at java.awt.EventQueue.dispatchEventImpl(EventQueue.java:758)
	at java.awt.EventQueue.access$500(EventQueue.java:97)
	at java.awt.EventQueue$3.run(EventQueue.java:709)
	at java.awt.EventQueue$3.run(EventQueue.java:703)
	at java.security.AccessController.doPrivileged(Native Method)
	at java.security.ProtectionDomain$JavaSecurityAccessImpl.doIntersectionPrivilege(ProtectionDomain.java:80)
	at java.security.ProtectionDomain$JavaSecurityAccessImpl.doIntersectionPrivilege(ProtectionDomain.java:90)
	at java.awt.EventQueue$4.run(EventQueue.java:731)
	at java.awt.EventQueue$4.run(EventQueue.java:729)
	at java.security.AccessController.doPrivileged(Native Method)
	at java.security.ProtectionDomain$JavaSecurityAccessImpl.doIntersectionPrivilege(ProtectionDomain.java:80)
	at java.awt.EventQueue.dispatchEvent(EventQueue.java:728)
	at java.awt.EventDispatchThread.pumpOneEventForFilters(EventDispatchThread.java:201)
	at java.awt.EventDispatchThread.pumpEventsForFilter(EventDispatchThread.java:116)
	at java.awt.EventDispatchThread.pumpEventsForHierarchy(EventDispatchThread.java:105)
	at java.awt.EventDispatchThread.pumpEvents(EventDispatchThread.java:101)
	at java.awt.EventDispatchThread.pumpEvents(EventDispatchThread.java:93)
	at java.awt.EventDispatchThread.run(EventDispatchThread.java:82)

==============================================================

==============================================================
STRING = com.mysql.jdbc.JDBC4PreparedStatement@63751590: INSERT INTO `tbhistory`(`Username`, `Activity`, `DateAndTime`) VALUES ('ADMIN','F 07.03.00.01 Hasil Inspeksi dan Pengujian Produk Jadi',NOW())
==============================================================

==============================================================
com.mysql.jdbc.MysqlDataTruncation: Data truncation: Data too long for column 'Activity' at row 1
	at com.mysql.jdbc.MysqlIO.checkErrorPacket(MysqlIO.java:4118)
	at com.mysql.jdbc.MysqlIO.checkErrorPacket(MysqlIO.java:4052)
	at com.mysql.jdbc.MysqlIO.sendCommand(MysqlIO.java:2503)
	at com.mysql.jdbc.MysqlIO.sqlQueryDirect(MysqlIO.java:2664)
	at com.mysql.jdbc.ConnectionImpl.execSQL(ConnectionImpl.java:2794)
	at com.mysql.jdbc.PreparedStatement.executeInternal(PreparedStatement.java:2155)
	at com.mysql.jdbc.PreparedStatement.executeUpdate(PreparedStatement.java:2458)
	at com.mysql.jdbc.PreparedStatement.executeUpdate(PreparedStatement.java:2375)
	at com.mysql.jdbc.PreparedStatement.executeUpdate(PreparedStatement.java:2359)
	at LSubProces.History.simpanhistory(History.java:24)
	at LaporanLab.LaporanLab.jbuttonF1ActionPerformed(LaporanLab.java:146)
	at LaporanLab.LaporanLab.access$400(LaporanLab.java:18)
	at LaporanLab.LaporanLab$5.actionPerformed(LaporanLab.java:82)
	at javax.swing.AbstractButton.fireActionPerformed(AbstractButton.java:2022)
	at javax.swing.AbstractButton$Handler.actionPerformed(AbstractButton.java:2348)
	at javax.swing.DefaultButtonModel.fireActionPerformed(DefaultButtonModel.java:402)
	at javax.swing.DefaultButtonModel.setPressed(DefaultButtonModel.java:259)
	at javax.swing.plaf.basic.BasicButtonListener.mouseReleased(BasicButtonListener.java:252)
	at com.jtattoo.plaf.BaseButtonListener.mouseReleased(BaseButtonListener.java:60)
	at java.awt.Component.processMouseEvent(Component.java:6533)
	at javax.swing.JComponent.processMouseEvent(JComponent.java:3324)
	at java.awt.Component.processEvent(Component.java:6298)
	at java.awt.Container.processEvent(Container.java:2236)
	at java.awt.Component.dispatchEventImpl(Component.java:4889)
	at java.awt.Container.dispatchEventImpl(Container.java:2294)
	at java.awt.Component.dispatchEvent(Component.java:4711)
	at java.awt.LightweightDispatcher.retargetMouseEvent(Container.java:4888)
	at java.awt.LightweightDispatcher.processMouseEvent(Container.java:4525)
	at java.awt.LightweightDispatcher.dispatchEvent(Container.java:4466)
	at java.awt.Container.dispatchEventImpl(Container.java:2280)
	at java.awt.Window.dispatchEventImpl(Window.java:2746)
	at java.awt.Component.dispatchEvent(Component.java:4711)
	at java.awt.EventQueue.dispatchEventImpl(EventQueue.java:758)
	at java.awt.EventQueue.access$500(EventQueue.java:97)
	at java.awt.EventQueue$3.run(EventQueue.java:709)
	at java.awt.EventQueue$3.run(EventQueue.java:703)
	at java.security.AccessController.doPrivileged(Native Method)
	at java.security.ProtectionDomain$JavaSecurityAccessImpl.doIntersectionPrivilege(ProtectionDomain.java:80)
	at java.security.ProtectionDomain$JavaSecurityAccessImpl.doIntersectionPrivilege(ProtectionDomain.java:90)
	at java.awt.EventQueue$4.run(EventQueue.java:731)
	at java.awt.EventQueue$4.run(EventQueue.java:729)
	at java.security.AccessController.doPrivileged(Native Method)
	at java.security.ProtectionDomain$JavaSecurityAccessImpl.doIntersectionPrivilege(ProtectionDomain.java:80)
	at java.awt.EventQueue.dispatchEvent(EventQueue.java:728)
	at java.awt.EventDispatchThread.pumpOneEventForFilters(EventDispatchThread.java:201)
	at java.awt.EventDispatchThread.pumpEventsForFilter(EventDispatchThread.java:116)
	at java.awt.EventDispatchThread.pumpEventsForHierarchy(EventDispatchThread.java:105)
	at java.awt.EventDispatchThread.pumpEvents(EventDispatchThread.java:101)
	at java.awt.EventDispatchThread.pumpEvents(EventDispatchThread.java:93)
	at java.awt.EventDispatchThread.run(EventDispatchThread.java:82)

==============================================================

==============================================================
STRING = com.mysql.jdbc.JDBC4PreparedStatement@5032519c: INSERT INTO `tbhistory`(`Username`, `Activity`, `DateAndTime`) VALUES ('ADMIN','F 07.03.00.02 Hasil Inspeksi dan Pengujian Bahan Baku',NOW())
==============================================================

==============================================================
com.mysql.jdbc.MysqlDataTruncation: Data truncation: Data too long for column 'Activity' at row 1
	at com.mysql.jdbc.MysqlIO.checkErrorPacket(MysqlIO.java:4118)
	at com.mysql.jdbc.MysqlIO.checkErrorPacket(MysqlIO.java:4052)
	at com.mysql.jdbc.MysqlIO.sendCommand(MysqlIO.java:2503)
	at com.mysql.jdbc.MysqlIO.sqlQueryDirect(MysqlIO.java:2664)
	at com.mysql.jdbc.ConnectionImpl.execSQL(ConnectionImpl.java:2794)
	at com.mysql.jdbc.PreparedStatement.executeInternal(PreparedStatement.java:2155)
	at com.mysql.jdbc.PreparedStatement.executeUpdate(PreparedStatement.java:2458)
	at com.mysql.jdbc.PreparedStatement.executeUpdate(PreparedStatement.java:2375)
	at com.mysql.jdbc.PreparedStatement.executeUpdate(PreparedStatement.java:2359)
	at LSubProces.History.simpanhistory(History.java:24)
	at LaporanLab.LaporanLab.jbuttonF1ActionPerformed(LaporanLab.java:149)
	at LaporanLab.LaporanLab.access$400(LaporanLab.java:18)
	at LaporanLab.LaporanLab$5.actionPerformed(LaporanLab.java:82)
	at javax.swing.AbstractButton.fireActionPerformed(AbstractButton.java:2022)
	at javax.swing.AbstractButton$Handler.actionPerformed(AbstractButton.java:2348)
	at javax.swing.DefaultButtonModel.fireActionPerformed(DefaultButtonModel.java:402)
	at javax.swing.DefaultButtonModel.setPressed(DefaultButtonModel.java:259)
	at javax.swing.plaf.basic.BasicButtonListener.mouseReleased(BasicButtonListener.java:252)
	at com.jtattoo.plaf.BaseButtonListener.mouseReleased(BaseButtonListener.java:60)
	at java.awt.Component.processMouseEvent(Component.java:6533)
	at javax.swing.JComponent.processMouseEvent(JComponent.java:3324)
	at java.awt.Component.processEvent(Component.java:6298)
	at java.awt.Container.processEvent(Container.java:2236)
	at java.awt.Component.dispatchEventImpl(Component.java:4889)
	at java.awt.Container.dispatchEventImpl(Container.java:2294)
	at java.awt.Component.dispatchEvent(Component.java:4711)
	at java.awt.LightweightDispatcher.retargetMouseEvent(Container.java:4888)
	at java.awt.LightweightDispatcher.processMouseEvent(Container.java:4525)
	at java.awt.LightweightDispatcher.dispatchEvent(Container.java:4466)
	at java.awt.Container.dispatchEventImpl(Container.java:2280)
	at java.awt.Window.dispatchEventImpl(Window.java:2746)
	at java.awt.Component.dispatchEvent(Component.java:4711)
	at java.awt.EventQueue.dispatchEventImpl(EventQueue.java:758)
	at java.awt.EventQueue.access$500(EventQueue.java:97)
	at java.awt.EventQueue$3.run(EventQueue.java:709)
	at java.awt.EventQueue$3.run(EventQueue.java:703)
	at java.security.AccessController.doPrivileged(Native Method)
	at java.security.ProtectionDomain$JavaSecurityAccessImpl.doIntersectionPrivilege(ProtectionDomain.java:80)
	at java.security.ProtectionDomain$JavaSecurityAccessImpl.doIntersectionPrivilege(ProtectionDomain.java:90)
	at java.awt.EventQueue$4.run(EventQueue.java:731)
	at java.awt.EventQueue$4.run(EventQueue.java:729)
	at java.security.AccessController.doPrivileged(Native Method)
	at java.security.ProtectionDomain$JavaSecurityAccessImpl.doIntersectionPrivilege(ProtectionDomain.java:80)
	at java.awt.EventQueue.dispatchEvent(EventQueue.java:728)
	at java.awt.EventDispatchThread.pumpOneEventForFilters(EventDispatchThread.java:201)
	at java.awt.EventDispatchThread.pumpEventsForFilter(EventDispatchThread.java:116)
	at java.awt.EventDispatchThread.pumpEventsForHierarchy(EventDispatchThread.java:105)
	at java.awt.EventDispatchThread.pumpEvents(EventDispatchThread.java:101)
	at java.awt.EventDispatchThread.pumpEvents(EventDispatchThread.java:93)
	at java.awt.EventDispatchThread.run(EventDispatchThread.java:82)

==============================================================

==============================================================
STRING = com.mysql.jdbc.JDBC4PreparedStatement@52a895cc: INSERT INTO `tbhistory`(`Username`, `Activity`, `DateAndTime`) VALUES ('ADMIN','F 07.03.00.02 Hasil Inspeksi dan Pengujian Bahan Baku',NOW())
==============================================================

==============================================================
com.mysql.jdbc.MysqlDataTruncation: Data truncation: Data too long for column 'Activity' at row 1
	at com.mysql.jdbc.MysqlIO.checkErrorPacket(MysqlIO.java:4118)
	at com.mysql.jdbc.MysqlIO.checkErrorPacket(MysqlIO.java:4052)
	at com.mysql.jdbc.MysqlIO.sendCommand(MysqlIO.java:2503)
	at com.mysql.jdbc.MysqlIO.sqlQueryDirect(MysqlIO.java:2664)
	at com.mysql.jdbc.ConnectionImpl.execSQL(ConnectionImpl.java:2794)
	at com.mysql.jdbc.PreparedStatement.executeInternal(PreparedStatement.java:2155)
	at com.mysql.jdbc.PreparedStatement.executeUpdate(PreparedStatement.java:2458)
	at com.mysql.jdbc.PreparedStatement.executeUpdate(PreparedStatement.java:2375)
	at com.mysql.jdbc.PreparedStatement.executeUpdate(PreparedStatement.java:2359)
	at LSubProces.History.simpanhistory(History.java:24)
	at LaporanLab.LaporanLab.jbuttonF1ActionPerformed(LaporanLab.java:149)
	at LaporanLab.LaporanLab.access$400(LaporanLab.java:18)
	at LaporanLab.LaporanLab$5.actionPerformed(LaporanLab.java:82)
	at javax.swing.AbstractButton.fireActionPerformed(AbstractButton.java:2022)
	at javax.swing.AbstractButton$Handler.actionPerformed(AbstractButton.java:2348)
	at javax.swing.DefaultButtonModel.fireActionPerformed(DefaultButtonModel.java:402)
	at javax.swing.DefaultButtonModel.setPressed(DefaultButtonModel.java:259)
	at javax.swing.plaf.basic.BasicButtonListener.mouseReleased(BasicButtonListener.java:252)
	at com.jtattoo.plaf.BaseButtonListener.mouseReleased(BaseButtonListener.java:60)
	at java.awt.Component.processMouseEvent(Component.java:6533)
	at javax.swing.JComponent.processMouseEvent(JComponent.java:3324)
	at java.awt.Component.processEvent(Component.java:6298)
	at java.awt.Container.processEvent(Container.java:2236)
	at java.awt.Component.dispatchEventImpl(Component.java:4889)
	at java.awt.Container.dispatchEventImpl(Container.java:2294)
	at java.awt.Component.dispatchEvent(Component.java:4711)
	at java.awt.LightweightDispatcher.retargetMouseEvent(Container.java:4888)
	at java.awt.LightweightDispatcher.processMouseEvent(Container.java:4525)
	at java.awt.LightweightDispatcher.dispatchEvent(Container.java:4466)
	at java.awt.Container.dispatchEventImpl(Container.java:2280)
	at java.awt.Window.dispatchEventImpl(Window.java:2746)
	at java.awt.Component.dispatchEvent(Component.java:4711)
	at java.awt.EventQueue.dispatchEventImpl(EventQueue.java:758)
	at java.awt.EventQueue.access$500(EventQueue.java:97)
	at java.awt.EventQueue$3.run(EventQueue.java:709)
	at java.awt.EventQueue$3.run(EventQueue.java:703)
	at java.security.AccessController.doPrivileged(Native Method)
	at java.security.ProtectionDomain$JavaSecurityAccessImpl.doIntersectionPrivilege(ProtectionDomain.java:80)
	at java.security.ProtectionDomain$JavaSecurityAccessImpl.doIntersectionPrivilege(ProtectionDomain.java:90)
	at java.awt.EventQueue$4.run(EventQueue.java:731)
	at java.awt.EventQueue$4.run(EventQueue.java:729)
	at java.security.AccessController.doPrivileged(Native Method)
	at java.security.ProtectionDomain$JavaSecurityAccessImpl.doIntersectionPrivilege(ProtectionDomain.java:80)
	at java.awt.EventQueue.dispatchEvent(EventQueue.java:728)
	at java.awt.EventDispatchThread.pumpOneEventForFilters(EventDispatchThread.java:201)
	at java.awt.EventDispatchThread.pumpEventsForFilter(EventDispatchThread.java:116)
	at java.awt.EventDispatchThread.pumpEventsForHierarchy(EventDispatchThread.java:105)
	at java.awt.EventDispatchThread.pumpEvents(EventDispatchThread.java:101)
	at java.awt.EventDispatchThread.pumpEvents(EventDispatchThread.java:93)
	at java.awt.EventDispatchThread.run(EventDispatchThread.java:82)

==============================================================

==============================================================
STRING = com.mysql.jdbc.JDBC4PreparedStatement@3827d38a: INSERT INTO `tbhistory`(`Username`, `Activity`, `DateAndTime`) VALUES ('ADMIN','F 07.03.00.01 Hasil Inspeksi dan Pengujian Produk Jadi',NOW())
==============================================================

==============================================================
com.mysql.jdbc.MysqlDataTruncation: Data truncation: Data too long for column 'Activity' at row 1
	at com.mysql.jdbc.MysqlIO.checkErrorPacket(MysqlIO.java:4118)
	at com.mysql.jdbc.MysqlIO.checkErrorPacket(MysqlIO.java:4052)
	at com.mysql.jdbc.MysqlIO.sendCommand(MysqlIO.java:2503)
	at com.mysql.jdbc.MysqlIO.sqlQueryDirect(MysqlIO.java:2664)
	at com.mysql.jdbc.ConnectionImpl.execSQL(ConnectionImpl.java:2794)
	at com.mysql.jdbc.PreparedStatement.executeInternal(PreparedStatement.java:2155)
	at com.mysql.jdbc.PreparedStatement.executeUpdate(PreparedStatement.java:2458)
	at com.mysql.jdbc.PreparedStatement.executeUpdate(PreparedStatement.java:2375)
	at com.mysql.jdbc.PreparedStatement.executeUpdate(PreparedStatement.java:2359)
	at LSubProces.History.simpanhistory(History.java:24)
	at LaporanLab.LaporanLab.jbuttonF1ActionPerformed(LaporanLab.java:146)
	at LaporanLab.LaporanLab.access$400(LaporanLab.java:18)
	at LaporanLab.LaporanLab$5.actionPerformed(LaporanLab.java:82)
	at javax.swing.AbstractButton.fireActionPerformed(AbstractButton.java:2022)
	at javax.swing.AbstractButton$Handler.actionPerformed(AbstractButton.java:2348)
	at javax.swing.DefaultButtonModel.fireActionPerformed(DefaultButtonModel.java:402)
	at javax.swing.DefaultButtonModel.setPressed(DefaultButtonModel.java:259)
	at javax.swing.plaf.basic.BasicButtonListener.mouseReleased(BasicButtonListener.java:252)
	at com.jtattoo.plaf.BaseButtonListener.mouseReleased(BaseButtonListener.java:60)
	at java.awt.Component.processMouseEvent(Component.java:6533)
	at javax.swing.JComponent.processMouseEvent(JComponent.java:3324)
	at java.awt.Component.processEvent(Component.java:6298)
	at java.awt.Container.processEvent(Container.java:2236)
	at java.awt.Component.dispatchEventImpl(Component.java:4889)
	at java.awt.Container.dispatchEventImpl(Container.java:2294)
	at java.awt.Component.dispatchEvent(Component.java:4711)
	at java.awt.LightweightDispatcher.retargetMouseEvent(Container.java:4888)
	at java.awt.LightweightDispatcher.processMouseEvent(Container.java:4525)
	at java.awt.LightweightDispatcher.dispatchEvent(Container.java:4466)
	at java.awt.Container.dispatchEventImpl(Container.java:2280)
	at java.awt.Window.dispatchEventImpl(Window.java:2746)
	at java.awt.Component.dispatchEvent(Component.java:4711)
	at java.awt.EventQueue.dispatchEventImpl(EventQueue.java:758)
	at java.awt.EventQueue.access$500(EventQueue.java:97)
	at java.awt.EventQueue$3.run(EventQueue.java:709)
	at java.awt.EventQueue$3.run(EventQueue.java:703)
	at java.security.AccessController.doPrivileged(Native Method)
	at java.security.ProtectionDomain$JavaSecurityAccessImpl.doIntersectionPrivilege(ProtectionDomain.java:80)
	at java.security.ProtectionDomain$JavaSecurityAccessImpl.doIntersectionPrivilege(ProtectionDomain.java:90)
	at java.awt.EventQueue$4.run(EventQueue.java:731)
	at java.awt.EventQueue$4.run(EventQueue.java:729)
	at java.security.AccessController.doPrivileged(Native Method)
	at java.security.ProtectionDomain$JavaSecurityAccessImpl.doIntersectionPrivilege(ProtectionDomain.java:80)
	at java.awt.EventQueue.dispatchEvent(EventQueue.java:728)
	at java.awt.EventDispatchThread.pumpOneEventForFilters(EventDispatchThread.java:201)
	at java.awt.EventDispatchThread.pumpEventsForFilter(EventDispatchThread.java:116)
	at java.awt.EventDispatchThread.pumpEventsForHierarchy(EventDispatchThread.java:105)
	at java.awt.EventDispatchThread.pumpEvents(EventDispatchThread.java:101)
	at java.awt.EventDispatchThread.pumpEvents(EventDispatchThread.java:93)
	at java.awt.EventDispatchThread.run(EventDispatchThread.java:82)

==============================================================

==============================================================
STRING = com.mysql.jdbc.JDBC4PreparedStatement@5ff98953: INSERT INTO `tbhistory`(`Username`, `Activity`, `DateAndTime`) VALUES ('ADMIN','F 07.03.00.01 Hasil Inspeksi dan Pengujian Produk Jadi',NOW())
==============================================================

==============================================================
com.mysql.jdbc.MysqlDataTruncation: Data truncation: Data too long for column 'Activity' at row 1
	at com.mysql.jdbc.MysqlIO.checkErrorPacket(MysqlIO.java:4118)
	at com.mysql.jdbc.MysqlIO.checkErrorPacket(MysqlIO.java:4052)
	at com.mysql.jdbc.MysqlIO.sendCommand(MysqlIO.java:2503)
	at com.mysql.jdbc.MysqlIO.sqlQueryDirect(MysqlIO.java:2664)
	at com.mysql.jdbc.ConnectionImpl.execSQL(ConnectionImpl.java:2794)
	at com.mysql.jdbc.PreparedStatement.executeInternal(PreparedStatement.java:2155)
	at com.mysql.jdbc.PreparedStatement.executeUpdate(PreparedStatement.java:2458)
	at com.mysql.jdbc.PreparedStatement.executeUpdate(PreparedStatement.java:2375)
	at com.mysql.jdbc.PreparedStatement.executeUpdate(PreparedStatement.java:2359)
	at LSubProces.History.simpanhistory(History.java:24)
	at LaporanLab.LaporanLab.jbuttonF1ActionPerformed(LaporanLab.java:146)
	at LaporanLab.LaporanLab.access$400(LaporanLab.java:18)
	at LaporanLab.LaporanLab$5.actionPerformed(LaporanLab.java:82)
	at javax.swing.AbstractButton.fireActionPerformed(AbstractButton.java:2022)
	at javax.swing.AbstractButton$Handler.actionPerformed(AbstractButton.java:2348)
	at javax.swing.DefaultButtonModel.fireActionPerformed(DefaultButtonModel.java:402)
	at javax.swing.DefaultButtonModel.setPressed(DefaultButtonModel.java:259)
	at javax.swing.plaf.basic.BasicButtonListener.mouseReleased(BasicButtonListener.java:252)
	at com.jtattoo.plaf.BaseButtonListener.mouseReleased(BaseButtonListener.java:60)
	at java.awt.Component.processMouseEvent(Component.java:6533)
	at javax.swing.JComponent.processMouseEvent(JComponent.java:3324)
	at java.awt.Component.processEvent(Component.java:6298)
	at java.awt.Container.processEvent(Container.java:2236)
	at java.awt.Component.dispatchEventImpl(Component.java:4889)
	at java.awt.Container.dispatchEventImpl(Container.java:2294)
	at java.awt.Component.dispatchEvent(Component.java:4711)
	at java.awt.LightweightDispatcher.retargetMouseEvent(Container.java:4888)
	at java.awt.LightweightDispatcher.processMouseEvent(Container.java:4525)
	at java.awt.LightweightDispatcher.dispatchEvent(Container.java:4466)
	at java.awt.Container.dispatchEventImpl(Container.java:2280)
	at java.awt.Window.dispatchEventImpl(Window.java:2746)
	at java.awt.Component.dispatchEvent(Component.java:4711)
	at java.awt.EventQueue.dispatchEventImpl(EventQueue.java:758)
	at java.awt.EventQueue.access$500(EventQueue.java:97)
	at java.awt.EventQueue$3.run(EventQueue.java:709)
	at java.awt.EventQueue$3.run(EventQueue.java:703)
	at java.security.AccessController.doPrivileged(Native Method)
	at java.security.ProtectionDomain$JavaSecurityAccessImpl.doIntersectionPrivilege(ProtectionDomain.java:80)
	at java.security.ProtectionDomain$JavaSecurityAccessImpl.doIntersectionPrivilege(ProtectionDomain.java:90)
	at java.awt.EventQueue$4.run(EventQueue.java:731)
	at java.awt.EventQueue$4.run(EventQueue.java:729)
	at java.security.AccessController.doPrivileged(Native Method)
	at java.security.ProtectionDomain$JavaSecurityAccessImpl.doIntersectionPrivilege(ProtectionDomain.java:80)
	at java.awt.EventQueue.dispatchEvent(EventQueue.java:728)
	at java.awt.EventDispatchThread.pumpOneEventForFilters(EventDispatchThread.java:201)
	at java.awt.EventDispatchThread.pumpEventsForFilter(EventDispatchThread.java:116)
	at java.awt.EventDispatchThread.pumpEventsForHierarchy(EventDispatchThread.java:105)
	at java.awt.EventDispatchThread.pumpEvents(EventDispatchThread.java:101)
	at java.awt.EventDispatchThread.pumpEvents(EventDispatchThread.java:93)
	at java.awt.EventDispatchThread.run(EventDispatchThread.java:82)

==============================================================

==============================================================
STRING = com.mysql.jdbc.JDBC4PreparedStatement@46291783: INSERT INTO `tbhistory`(`Username`, `Activity`, `DateAndTime`) VALUES ('ADMIN','F 07.03.00.02 Hasil Inspeksi dan Pengujian Bahan Baku',NOW())
==============================================================

==============================================================
com.mysql.jdbc.MysqlDataTruncation: Data truncation: Data too long for column 'Activity' at row 1
	at com.mysql.jdbc.MysqlIO.checkErrorPacket(MysqlIO.java:4118)
	at com.mysql.jdbc.MysqlIO.checkErrorPacket(MysqlIO.java:4052)
	at com.mysql.jdbc.MysqlIO.sendCommand(MysqlIO.java:2503)
	at com.mysql.jdbc.MysqlIO.sqlQueryDirect(MysqlIO.java:2664)
	at com.mysql.jdbc.ConnectionImpl.execSQL(ConnectionImpl.java:2794)
	at com.mysql.jdbc.PreparedStatement.executeInternal(PreparedStatement.java:2155)
	at com.mysql.jdbc.PreparedStatement.executeUpdate(PreparedStatement.java:2458)
	at com.mysql.jdbc.PreparedStatement.executeUpdate(PreparedStatement.java:2375)
	at com.mysql.jdbc.PreparedStatement.executeUpdate(PreparedStatement.java:2359)
	at LSubProces.History.simpanhistory(History.java:24)
	at LaporanLab.LaporanLab.jbuttonF1ActionPerformed(LaporanLab.java:149)
	at LaporanLab.LaporanLab.access$400(LaporanLab.java:18)
	at LaporanLab.LaporanLab$5.actionPerformed(LaporanLab.java:82)
	at javax.swing.AbstractButton.fireActionPerformed(AbstractButton.java:2022)
	at javax.swing.AbstractButton$Handler.actionPerformed(AbstractButton.java:2348)
	at javax.swing.DefaultButtonModel.fireActionPerformed(DefaultButtonModel.java:402)
	at javax.swing.DefaultButtonModel.setPressed(DefaultButtonModel.java:259)
	at javax.swing.plaf.basic.BasicButtonListener.mouseReleased(BasicButtonListener.java:252)
	at com.jtattoo.plaf.BaseButtonListener.mouseReleased(BaseButtonListener.java:60)
	at java.awt.Component.processMouseEvent(Component.java:6533)
	at javax.swing.JComponent.processMouseEvent(JComponent.java:3324)
	at java.awt.Component.processEvent(Component.java:6298)
	at java.awt.Container.processEvent(Container.java:2236)
	at java.awt.Component.dispatchEventImpl(Component.java:4889)
	at java.awt.Container.dispatchEventImpl(Container.java:2294)
	at java.awt.Component.dispatchEvent(Component.java:4711)
	at java.awt.LightweightDispatcher.retargetMouseEvent(Container.java:4888)
	at java.awt.LightweightDispatcher.processMouseEvent(Container.java:4525)
	at java.awt.LightweightDispatcher.dispatchEvent(Container.java:4466)
	at java.awt.Container.dispatchEventImpl(Container.java:2280)
	at java.awt.Window.dispatchEventImpl(Window.java:2746)
	at java.awt.Component.dispatchEvent(Component.java:4711)
	at java.awt.EventQueue.dispatchEventImpl(EventQueue.java:758)
	at java.awt.EventQueue.access$500(EventQueue.java:97)
	at java.awt.EventQueue$3.run(EventQueue.java:709)
	at java.awt.EventQueue$3.run(EventQueue.java:703)
	at java.security.AccessController.doPrivileged(Native Method)
	at java.security.ProtectionDomain$JavaSecurityAccessImpl.doIntersectionPrivilege(ProtectionDomain.java:80)
	at java.security.ProtectionDomain$JavaSecurityAccessImpl.doIntersectionPrivilege(ProtectionDomain.java:90)
	at java.awt.EventQueue$4.run(EventQueue.java:731)
	at java.awt.EventQueue$4.run(EventQueue.java:729)
	at java.security.AccessController.doPrivileged(Native Method)
	at java.security.ProtectionDomain$JavaSecurityAccessImpl.doIntersectionPrivilege(ProtectionDomain.java:80)
	at java.awt.EventQueue.dispatchEvent(EventQueue.java:728)
	at java.awt.EventDispatchThread.pumpOneEventForFilters(EventDispatchThread.java:201)
	at java.awt.EventDispatchThread.pumpEventsForFilter(EventDispatchThread.java:116)
	at java.awt.EventDispatchThread.pumpEventsForHierarchy(EventDispatchThread.java:105)
	at java.awt.EventDispatchThread.pumpEvents(EventDispatchThread.java:101)
	at java.awt.EventDispatchThread.pumpEvents(EventDispatchThread.java:93)
	at java.awt.EventDispatchThread.run(EventDispatchThread.java:82)

==============================================================
